<?xml version="1.0" encoding="UTF-8"?>
<!-- Generated by org.testng.reporters.JUnitReportReporter -->
<testsuite hostname="Shrisha-PC" failures="0" tests="1" name="com.api.JsonTests" time="3.326" errors="0" timestamp="2024-01-30T12:26:13 IST" skipped="0">
  <testcase classname="com.api.JsonTests" name="jsondata" time="3.326"/>
  <system-out/>
</testsuite> <!-- com.api.JsonTests -->
