<?xml version="1.0" encoding="UTF-8"?>
<!-- Generated by org.testng.reporters.JUnitReportReporter -->
<testsuite hostname="Shrisha-PC" failures="0" tests="1" name="com.api.OauthExample1" time="10.707" errors="0" timestamp="2024-01-29T19:43:15 IST" skipped="0">
  <testcase classname="com.api.OauthExample1" name="test1" time="10.707"/>
  <system-out/>
</testsuite> <!-- com.api.OauthExample1 -->
