<?xml version="1.0" encoding="UTF-8"?>
<!-- Generated by org.testng.reporters.JUnitReportReporter -->
<testsuite hostname="Shrisha-PC" failures="0" tests="1" name="com.xyz.testCases.Test1" time="0.007" errors="0" timestamp="2023-12-25T16:55:34 IST" skipped="0">
  <testcase classname="com.xyz.testCases.Test1" name="test2" time="0.007"/>
  <system-out/>
</testsuite> <!-- com.xyz.testCases.Test1 -->
