<?xml version="1.0" encoding="UTF-8"?>
<!-- Generated by org.testng.reporters.JUnitReportReporter -->
<testsuite hostname="Shrisha-PC" failures="0" tests="1" name="com.api.Jsondataextract" time="4.000" errors="0" timestamp="2024-01-30T12:14:33 IST" skipped="0">
  <testcase classname="com.api.Jsondataextract" name="test" time="4.000"/>
  <system-out/>
</testsuite> <!-- com.api.Jsondataextract -->
