<?xml version="1.0" encoding="UTF-8"?>
<!-- Generated by org.testng.reporters.JUnitReportReporter -->
<testsuite hostname="Shrisha-PC" failures="0" tests="1" name="com.guru99.selenium.Day1Test" time="15.906" errors="0" timestamp="2023-12-28T11:28:26 IST" skipped="0">
  <testcase classname="com.guru99.selenium.Day1Test" name="Test1" time="15.906"/>
  <system-out/>
</testsuite> <!-- com.guru99.selenium.Day1Test -->
