<?xml version="1.0" encoding="UTF-8"?>
<!-- Generated by org.testng.reporters.JUnitReportReporter -->
<testsuite hostname="Shrisha-PC" failures="0" tests="1" name="com.guru99.selenium.Day2Test" time="14.783" errors="0" timestamp="2023-12-29T13:22:14 IST" skipped="0">
  <testcase classname="com.guru99.selenium.Day2Test" name="test1" time="14.783"/>
  <system-out/>
</testsuite> <!-- com.guru99.selenium.Day2Test -->
