<?xml version="1.0" encoding="UTF-8"?>
<!-- Generated by org.testng.reporters.JUnitReportReporter -->
<testsuite hostname="Shrisha-PC" failures="0" tests="1" name="com.api.SchemaValidator1" time="8.130" errors="0" timestamp="2024-01-29T22:53:04 IST" skipped="0">
  <testcase classname="com.api.SchemaValidator1" name="test1" time="8.130"/>
  <system-out/>
</testsuite> <!-- com.api.SchemaValidator1 -->
