<?xml version="1.0" encoding="UTF-8"?>
<!-- Generated by org.testng.reporters.JUnitReportReporter -->
<testsuite hostname="Shrisha-PC" failures="0" tests="3" name="com.carwale.examples.SearchProduct" time="0.032" errors="0" timestamp="2024-01-30T11:25:34 IST" skipped="0">
  <testcase classname="com.carwale.examples.SearchProduct" name="test1" time="0.006"/>
  <system-out/>
  <testcase classname="com.carwale.examples.SearchProduct" name="test2" time="0.004"/>
  <system-out/>
  <testcase classname="com.carwale.examples.SearchProduct" name="test1" time="0.022"/>
  <system-out/>
</testsuite> <!-- com.carwale.examples.SearchProduct -->
