<?xml version="1.0" encoding="UTF-8"?>
<!-- Generated by org.testng.reporters.JUnitReportReporter -->
<testsuite hostname="Shrisha-PC" failures="0" tests="1" name="com.rahulshetty.Login" time="7.115" errors="0" timestamp="2024-01-26T12:32:57 IST" skipped="0">
  <testcase classname="com.rahulshetty.Login" name="login" time="7.115"/>
  <system-out/>
</testsuite> <!-- com.rahulshetty.Login -->
