<?xml version="1.0" encoding="UTF-8"?>
<!-- Generated by org.testng.reporters.JUnitReportReporter -->
<testsuite hostname="Shrisha-PC" failures="0" tests="1" name="com.xyz.testCases.RegisterStudentTest" time="3.939" errors="0" timestamp="2023-12-28T10:42:06 IST" skipped="0">
  <testcase classname="com.xyz.testCases.RegisterStudentTest" name="testStudent" time="3.939"/>
  <system-out/>
</testsuite> <!-- com.xyz.testCases.RegisterStudentTest -->
