<?xml version="1.0" encoding="UTF-8"?>
<!-- Generated by org.testng.reporters.JUnitReportReporter -->
<testsuite hostname="Shrisha-PC" failures="0" tests="1" name="com.orangehrm.WebTable" time="0.020" errors="0" timestamp="2024-01-25T17:00:37 IST" skipped="0">
  <testcase classname="com.orangehrm.WebTable" name="table1" time="0.020"/>
  <system-out/>
</testsuite> <!-- com.orangehrm.WebTable -->
